2023-07-09 12:18:25.315  INFO 15228 --- [main] com.server.ServerApplication             : Starting ServerApplication using Java 11.0.18 on DESKTOP-NIKJHOF with PID 15228 (C:\Users\lisso\Documents\dev\0703\seb44_main_007\server\build\classes\java\main started by lisso in C:\Users\lisso\Documents\dev\0703\seb44_main_007\server)
2023-07-09 12:18:25.332  INFO 15228 --- [main] com.server.ServerApplication             : No active profile set, falling back to 1 default profile: "default"
2023-07-09 12:18:26.986  INFO 15228 --- [main] .s.d.r.c.RepositoryConfigurationDelegate : Multiple Spring Data modules found, entering strict repository configuration mode
2023-07-09 12:18:26.991  INFO 15228 --- [main] .s.d.r.c.RepositoryConfigurationDelegate : Bootstrapping Spring Data JPA repositories in DEFAULT mode.
2023-07-09 12:18:27.331  INFO 15228 --- [main] .s.d.r.c.RepositoryConfigurationDelegate : Finished Spring Data repository scanning in 331 ms. Found 5 JPA repository interfaces.
2023-07-09 12:18:28.650  INFO 15228 --- [main] o.s.b.w.embedded.tomcat.TomcatWebServer  : Tomcat initialized with port(s): 8080 (http)
2023-07-09 12:18:28.672  INFO 15228 --- [main] o.apache.catalina.core.StandardService   : Starting service [Tomcat]
2023-07-09 12:18:28.673  INFO 15228 --- [main] org.apache.catalina.core.StandardEngine  : Starting Servlet engine: [Apache Tomcat/9.0.76]
2023-07-09 12:18:28.950  INFO 15228 --- [main] o.a.c.c.C.[Tomcat].[localhost].[/]       : Initializing Spring embedded WebApplicationContext
2023-07-09 12:18:28.951  INFO 15228 --- [main] w.s.c.ServletWebServerApplicationContext : Root WebApplicationContext: initialization completed in 3517 ms
2023-07-09 12:18:29.233  INFO 15228 --- [main] o.hibernate.jpa.internal.util.LogHelper  : HHH000204: Processing PersistenceUnitInfo [name: default]
2023-07-09 12:18:29.343  INFO 15228 --- [main] org.hibernate.Version                    : HHH000412: Hibernate ORM core version 5.6.15.Final
2023-07-09 12:18:29.715  INFO 15228 --- [main] o.hibernate.annotations.common.Version   : HCANN000001: Hibernate Commons Annotations {5.1.2.Final}
2023-07-09 12:18:29.866  INFO 15228 --- [main] com.zaxxer.hikari.HikariDataSource       : HikariPool-1 - Starting...
2023-07-09 12:18:30.418  INFO 15228 --- [main] com.zaxxer.hikari.HikariDataSource       : HikariPool-1 - Start completed.
2023-07-09 12:18:30.453  INFO 15228 --- [main] org.hibernate.dialect.Dialect            : HHH000400: Using dialect: org.hibernate.dialect.MySQL8Dialect
2023-07-09 12:18:32.085  INFO 15228 --- [main] o.h.e.t.j.p.i.JtaPlatformInitiator       : HHH000490: Using JtaPlatform implementation: [org.hibernate.engine.transaction.jta.platform.internal.NoJtaPlatform]
2023-07-09 12:18:32.102  INFO 15228 --- [main] j.LocalContainerEntityManagerFactoryBean : Initialized JPA EntityManagerFactory for persistence unit 'default'
2023-07-09 12:18:33.724  INFO 15228 --- [main] o.s.s.web.DefaultSecurityFilterChain     : Will secure any request with [org.springframework.security.web.session.DisableEncodeUrlFilter@21d561c9, org.springframework.security.web.context.request.async.WebAsyncManagerIntegrationFilter@752e50c6, org.springframework.security.web.context.SecurityContextPersistenceFilter@5471342, org.springframework.security.web.header.HeaderWriterFilter@53bc6492, org.springframework.web.filter.CorsFilter@2bef33e7, org.springframework.security.web.authentication.logout.LogoutFilter@22ea09b7, com.server.auth.filter.JwtAuthenticationFilter@5bd191c2, com.server.auth.filter.JwtVerificationFilter@51806858, org.springframework.security.web.savedrequest.RequestCacheAwareFilter@4e9d1119, org.springframework.security.web.servletapi.SecurityContextHolderAwareRequestFilter@686ace1f, org.springframework.security.web.authentication.AnonymousAuthenticationFilter@56afbace, org.springframework.security.web.session.SessionManagementFilter@7fda84cf, org.springframework.security.web.access.ExceptionTranslationFilter@4ad57db1, org.springframework.security.web.access.intercept.AuthorizationFilter@273e622f]
2023-07-09 12:18:33.835  WARN 15228 --- [main] JpaBaseConfiguration$JpaWebConfiguration : spring.jpa.open-in-view is enabled by default. Therefore, database queries may be performed during view rendering. Explicitly configure spring.jpa.open-in-view to disable this warning
2023-07-09 12:18:34.497  WARN 15228 --- [main] ion$DefaultTemplateResolverConfiguration : Cannot find template location: classpath:/templates/ (please add some templates, check your Thymeleaf configuration, or set spring.thymeleaf.check-template-location=false)
2023-07-09 12:18:34.840  INFO 15228 --- [main] o.s.b.w.embedded.tomcat.TomcatWebServer  : Tomcat started on port(s): 8080 (http) with context path ''
2023-07-09 12:18:34.850  INFO 15228 --- [main] com.server.ServerApplication             : Started ServerApplication in 10.551 seconds (JVM running for 11.433)
2023-07-09 12:19:50.951  INFO 15228 --- [http-nio-8080-exec-1] o.a.c.c.C.[Tomcat].[localhost].[/]       : Initializing Spring DispatcherServlet 'dispatcherServlet'
2023-07-09 12:19:50.952  INFO 15228 --- [http-nio-8080-exec-1] o.s.web.servlet.DispatcherServlet        : Initializing Servlet 'dispatcherServlet'
2023-07-09 12:19:50.954  INFO 15228 --- [http-nio-8080-exec-1] o.s.web.servlet.DispatcherServlet        : Completed initialization in 2 ms
2023-07-09 12:20:21.116  INFO 15228 --- [http-nio-8080-exec-6] c.s.a.H.UserAuthenticationSuccessHandler : # Authentication successfully.
2023-07-09 12:29:59.777  INFO 9156 --- [main] com.server.ServerApplication             : Starting ServerApplication using Java 11.0.18 on DESKTOP-NIKJHOF with PID 9156 (C:\Users\lisso\Documents\dev\0703\seb44_main_007\server\build\classes\java\main started by lisso in C:\Users\lisso\Documents\dev\0703\seb44_main_007\server)
2023-07-09 12:29:59.781  INFO 9156 --- [main] com.server.ServerApplication             : No active profile set, falling back to 1 default profile: "default"
2023-07-09 12:30:01.169  INFO 9156 --- [main] .s.d.r.c.RepositoryConfigurationDelegate : Multiple Spring Data modules found, entering strict repository configuration mode
2023-07-09 12:30:01.174  INFO 9156 --- [main] .s.d.r.c.RepositoryConfigurationDelegate : Bootstrapping Spring Data JPA repositories in DEFAULT mode.
2023-07-09 12:30:01.415  INFO 9156 --- [main] .s.d.r.c.RepositoryConfigurationDelegate : Finished Spring Data repository scanning in 232 ms. Found 5 JPA repository interfaces.
2023-07-09 12:30:02.475  INFO 9156 --- [main] o.s.b.w.embedded.tomcat.TomcatWebServer  : Tomcat initialized with port(s): 8080 (http)
2023-07-09 12:30:02.491  INFO 9156 --- [main] o.apache.catalina.core.StandardService   : Starting service [Tomcat]
2023-07-09 12:30:02.492  INFO 9156 --- [main] org.apache.catalina.core.StandardEngine  : Starting Servlet engine: [Apache Tomcat/9.0.76]
2023-07-09 12:30:02.703  INFO 9156 --- [main] o.a.c.c.C.[Tomcat].[localhost].[/]       : Initializing Spring embedded WebApplicationContext
2023-07-09 12:30:02.703  INFO 9156 --- [main] w.s.c.ServletWebServerApplicationContext : Root WebApplicationContext: initialization completed in 2854 ms
2023-07-09 12:30:02.960  INFO 9156 --- [main] o.hibernate.jpa.internal.util.LogHelper  : HHH000204: Processing PersistenceUnitInfo [name: default]
2023-07-09 12:30:03.024  INFO 9156 --- [main] org.hibernate.Version                    : HHH000412: Hibernate ORM core version 5.6.15.Final
2023-07-09 12:30:03.295  INFO 9156 --- [main] o.hibernate.annotations.common.Version   : HCANN000001: Hibernate Commons Annotations {5.1.2.Final}
2023-07-09 12:30:03.523  INFO 9156 --- [main] com.zaxxer.hikari.HikariDataSource       : HikariPool-1 - Starting...
2023-07-09 12:30:03.868  INFO 9156 --- [main] com.zaxxer.hikari.HikariDataSource       : HikariPool-1 - Start completed.
2023-07-09 12:30:03.886  INFO 9156 --- [main] org.hibernate.dialect.Dialect            : HHH000400: Using dialect: org.hibernate.dialect.MySQL8Dialect
2023-07-09 12:30:05.099  INFO 9156 --- [main] o.h.e.t.j.p.i.JtaPlatformInitiator       : HHH000490: Using JtaPlatform implementation: [org.hibernate.engine.transaction.jta.platform.internal.NoJtaPlatform]
2023-07-09 12:30:05.111  INFO 9156 --- [main] j.LocalContainerEntityManagerFactoryBean : Initialized JPA EntityManagerFactory for persistence unit 'default'
2023-07-09 12:30:06.491  INFO 9156 --- [main] o.s.s.web.DefaultSecurityFilterChain     : Will secure any request with [org.springframework.security.web.session.DisableEncodeUrlFilter@273e622f, org.springframework.security.web.context.request.async.WebAsyncManagerIntegrationFilter@380cd266, org.springframework.security.web.context.SecurityContextPersistenceFilter@7fda84cf, org.springframework.security.web.header.HeaderWriterFilter@45c10678, org.springframework.web.filter.CorsFilter@4b477121, org.springframework.security.web.authentication.logout.LogoutFilter@3a641f6, com.server.auth.filter.JwtAuthenticationFilter@21d561c9, com.server.auth.filter.JwtVerificationFilter@752e50c6, org.springframework.security.web.savedrequest.RequestCacheAwareFilter@19240b9, org.springframework.security.web.servletapi.SecurityContextHolderAwareRequestFilter@5d1907fb, org.springframework.security.web.authentication.AnonymousAuthenticationFilter@2bef33e7, org.springframework.security.web.session.SessionManagementFilter@6e140753, org.springframework.security.web.access.ExceptionTranslationFilter@23d0f6be, org.springframework.security.web.access.intercept.AuthorizationFilter@3e242137]
2023-07-09 12:30:06.553  WARN 9156 --- [main] JpaBaseConfiguration$JpaWebConfiguration : spring.jpa.open-in-view is enabled by default. Therefore, database queries may be performed during view rendering. Explicitly configure spring.jpa.open-in-view to disable this warning
2023-07-09 12:30:07.015  WARN 9156 --- [main] ion$DefaultTemplateResolverConfiguration : Cannot find template location: classpath:/templates/ (please add some templates, check your Thymeleaf configuration, or set spring.thymeleaf.check-template-location=false)
2023-07-09 12:30:07.327  INFO 9156 --- [main] o.s.b.w.embedded.tomcat.TomcatWebServer  : Tomcat started on port(s): 8080 (http) with context path ''
2023-07-09 12:30:07.342  INFO 9156 --- [main] com.server.ServerApplication             : Started ServerApplication in 8.151 seconds (JVM running for 8.826)
2023-07-09 12:30:25.215  INFO 6176 --- [main] com.server.ServerApplication             : Starting ServerApplication using Java 11.0.18 on DESKTOP-NIKJHOF with PID 6176 (C:\Users\lisso\Documents\dev\0703\seb44_main_007\server\build\classes\java\main started by lisso in C:\Users\lisso\Documents\dev\0703\seb44_main_007\server)
2023-07-09 12:30:25.221  INFO 6176 --- [main] com.server.ServerApplication             : No active profile set, falling back to 1 default profile: "default"
2023-07-09 12:30:26.710  INFO 6176 --- [main] .s.d.r.c.RepositoryConfigurationDelegate : Multiple Spring Data modules found, entering strict repository configuration mode
2023-07-09 12:30:26.716  INFO 6176 --- [main] .s.d.r.c.RepositoryConfigurationDelegate : Bootstrapping Spring Data JPA repositories in DEFAULT mode.
2023-07-09 12:30:27.062  INFO 6176 --- [main] .s.d.r.c.RepositoryConfigurationDelegate : Finished Spring Data repository scanning in 332 ms. Found 5 JPA repository interfaces.
2023-07-09 12:30:28.220  INFO 6176 --- [main] o.s.b.w.embedded.tomcat.TomcatWebServer  : Tomcat initialized with port(s): 8080 (http)
2023-07-09 12:30:28.235  INFO 6176 --- [main] o.apache.catalina.core.StandardService   : Starting service [Tomcat]
2023-07-09 12:30:28.235  INFO 6176 --- [main] org.apache.catalina.core.StandardEngine  : Starting Servlet engine: [Apache Tomcat/9.0.76]
2023-07-09 12:30:28.470  INFO 6176 --- [main] o.a.c.c.C.[Tomcat].[localhost].[/]       : Initializing Spring embedded WebApplicationContext
2023-07-09 12:30:28.471  INFO 6176 --- [main] w.s.c.ServletWebServerApplicationContext : Root WebApplicationContext: initialization completed in 3153 ms
2023-07-09 12:30:28.780  INFO 6176 --- [main] o.hibernate.jpa.internal.util.LogHelper  : HHH000204: Processing PersistenceUnitInfo [name: default]
2023-07-09 12:30:28.873  INFO 6176 --- [main] org.hibernate.Version                    : HHH000412: Hibernate ORM core version 5.6.15.Final
2023-07-09 12:30:29.181  INFO 6176 --- [main] o.hibernate.annotations.common.Version   : HCANN000001: Hibernate Commons Annotations {5.1.2.Final}
2023-07-09 12:30:29.414  INFO 6176 --- [main] com.zaxxer.hikari.HikariDataSource       : HikariPool-1 - Starting...
2023-07-09 12:30:29.886  INFO 6176 --- [main] com.zaxxer.hikari.HikariDataSource       : HikariPool-1 - Start completed.
2023-07-09 12:30:29.903  INFO 6176 --- [main] org.hibernate.dialect.Dialect            : HHH000400: Using dialect: org.hibernate.dialect.MySQL8Dialect
2023-07-09 12:30:31.251  INFO 6176 --- [main] o.h.e.t.j.p.i.JtaPlatformInitiator       : HHH000490: Using JtaPlatform implementation: [org.hibernate.engine.transaction.jta.platform.internal.NoJtaPlatform]
2023-07-09 12:30:31.270  INFO 6176 --- [main] j.LocalContainerEntityManagerFactoryBean : Initialized JPA EntityManagerFactory for persistence unit 'default'
2023-07-09 12:30:52.071  INFO 6176 --- [main] o.s.s.web.DefaultSecurityFilterChain     : Will secure any request with [org.springframework.security.web.session.DisableEncodeUrlFilter@3e242137, org.springframework.security.web.context.request.async.WebAsyncManagerIntegrationFilter@25dacc5a, org.springframework.security.web.context.SecurityContextPersistenceFilter@6e140753, org.springframework.security.web.header.HeaderWriterFilter@569b3009, org.springframework.web.filter.CorsFilter@55b7f9f1, org.springframework.security.web.authentication.logout.LogoutFilter@77e24d3c, com.server.auth.filter.JwtAuthenticationFilter@273e622f, com.server.auth.filter.JwtVerificationFilter@380cd266, org.springframework.security.web.savedrequest.RequestCacheAwareFilter@1e834a5b, org.springframework.security.web.servletapi.SecurityContextHolderAwareRequestFilter@5471342, org.springframework.security.web.authentication.AnonymousAuthenticationFilter@4b477121, org.springframework.security.web.session.SessionManagementFilter@48cebb78, org.springframework.security.web.access.ExceptionTranslationFilter@4615bc00, org.springframework.security.web.access.intercept.AuthorizationFilter@5a183fa6]
2023-07-09 12:30:56.545  WARN 6176 --- [main] JpaBaseConfiguration$JpaWebConfiguration : spring.jpa.open-in-view is enabled by default. Therefore, database queries may be performed during view rendering. Explicitly configure spring.jpa.open-in-view to disable this warning
2023-07-09 12:31:26.709  WARN 6176 --- [main] ion$DefaultTemplateResolverConfiguration : Cannot find template location: classpath:/templates/ (please add some templates, check your Thymeleaf configuration, or set spring.thymeleaf.check-template-location=false)
2023-07-09 12:31:43.623  INFO 6176 --- [main] o.s.b.w.embedded.tomcat.TomcatWebServer  : Tomcat started on port(s): 8080 (http) with context path ''
2023-07-09 12:31:44.883  INFO 6176 --- [main] com.server.ServerApplication             : Started ServerApplication in 80.427 seconds (JVM running for 81.253)
2023-07-09 12:31:55.897  INFO 6176 --- [http-nio-8080-exec-2] o.a.c.c.C.[Tomcat].[localhost].[/]       : Initializing Spring DispatcherServlet 'dispatcherServlet'
2023-07-09 12:31:55.903  INFO 6176 --- [http-nio-8080-exec-2] o.s.web.servlet.DispatcherServlet        : Initializing Servlet 'dispatcherServlet'
2023-07-09 12:31:56.175  INFO 6176 --- [http-nio-8080-exec-2] o.s.web.servlet.DispatcherServlet        : Completed initialization in 265 ms
2023-07-09 12:33:53.591  INFO 6176 --- [http-nio-8080-exec-3] c.s.a.H.UserAuthenticationSuccessHandler : # Authentication successfully.
2023-07-09 12:38:36.933  WARN 6176 --- [HikariPool-1 housekeeper] com.zaxxer.hikari.pool.HikariPool        : HikariPool-1 - Thread starvation or clock leap detected (housekeeper delta=3m24s451ms510µs300ns).
2023-07-09 12:38:47.514  INFO 6176 --- [http-nio-8080-exec-6] c.s.a.H.UserAuthenticationSuccessHandler : # Authentication successfully.
2023-07-09 12:40:12.728  WARN 6176 --- [HikariPool-1 housekeeper] com.zaxxer.hikari.pool.HikariPool        : HikariPool-1 - Thread starvation or clock leap detected (housekeeper delta=1m5s217ms492µs100ns).
2023-07-09 12:40:59.159  INFO 6176 --- [http-nio-8080-exec-7] c.s.a.H.UserAuthenticationSuccessHandler : # Authentication successfully.
2023-07-09 13:00:52.310  INFO 16180 --- [main] com.server.ServerApplication             : Starting ServerApplication using Java 11.0.18 on DESKTOP-NIKJHOF with PID 16180 (C:\Users\lisso\Documents\dev\0703\seb44_main_007\server\build\classes\java\main started by lisso in C:\Users\lisso\Documents\dev\0703\seb44_main_007\server)
2023-07-09 13:00:52.314  INFO 16180 --- [main] com.server.ServerApplication             : No active profile set, falling back to 1 default profile: "default"
2023-07-09 13:00:53.500  INFO 16180 --- [main] .s.d.r.c.RepositoryConfigurationDelegate : Multiple Spring Data modules found, entering strict repository configuration mode
2023-07-09 13:00:53.505  INFO 16180 --- [main] .s.d.r.c.RepositoryConfigurationDelegate : Bootstrapping Spring Data JPA repositories in DEFAULT mode.
2023-07-09 13:00:53.814  INFO 16180 --- [main] .s.d.r.c.RepositoryConfigurationDelegate : Finished Spring Data repository scanning in 298 ms. Found 5 JPA repository interfaces.
2023-07-09 13:00:55.000  INFO 16180 --- [main] o.s.b.w.embedded.tomcat.TomcatWebServer  : Tomcat initialized with port(s): 8080 (http)
2023-07-09 13:00:55.013  INFO 16180 --- [main] o.apache.catalina.core.StandardService   : Starting service [Tomcat]
2023-07-09 13:00:55.013  INFO 16180 --- [main] org.apache.catalina.core.StandardEngine  : Starting Servlet engine: [Apache Tomcat/9.0.76]
2023-07-09 13:00:55.181  INFO 16180 --- [main] o.a.c.c.C.[Tomcat].[localhost].[/]       : Initializing Spring embedded WebApplicationContext
2023-07-09 13:00:55.182  INFO 16180 --- [main] w.s.c.ServletWebServerApplicationContext : Root WebApplicationContext: initialization completed in 2788 ms
2023-07-09 13:00:55.502  INFO 16180 --- [main] o.hibernate.jpa.internal.util.LogHelper  : HHH000204: Processing PersistenceUnitInfo [name: default]
2023-07-09 13:00:55.567  INFO 16180 --- [main] org.hibernate.Version                    : HHH000412: Hibernate ORM core version 5.6.15.Final
2023-07-09 13:00:55.846  INFO 16180 --- [main] o.hibernate.annotations.common.Version   : HCANN000001: Hibernate Commons Annotations {5.1.2.Final}
2023-07-09 13:00:56.016  INFO 16180 --- [main] com.zaxxer.hikari.HikariDataSource       : HikariPool-1 - Starting...
2023-07-09 13:00:56.357  INFO 16180 --- [main] com.zaxxer.hikari.HikariDataSource       : HikariPool-1 - Start completed.
2023-07-09 13:00:56.372  INFO 16180 --- [main] org.hibernate.dialect.Dialect            : HHH000400: Using dialect: org.hibernate.dialect.MySQL8Dialect
2023-07-09 13:00:57.664  INFO 16180 --- [main] o.h.e.t.j.p.i.JtaPlatformInitiator       : HHH000490: Using JtaPlatform implementation: [org.hibernate.engine.transaction.jta.platform.internal.NoJtaPlatform]
2023-07-09 13:00:57.674  INFO 16180 --- [main] j.LocalContainerEntityManagerFactoryBean : Initialized JPA EntityManagerFactory for persistence unit 'default'
2023-07-09 13:00:59.119  INFO 16180 --- [main] o.s.s.web.DefaultSecurityFilterChain     : Will secure any request with [org.springframework.security.web.session.DisableEncodeUrlFilter@7cddc50f, org.springframework.security.web.context.request.async.WebAsyncManagerIntegrationFilter@1e60890c, org.springframework.security.web.context.SecurityContextPersistenceFilter@72e5206, org.springframework.security.web.header.HeaderWriterFilter@5e528476, org.springframework.web.filter.CorsFilter@c680819, org.springframework.security.web.authentication.logout.LogoutFilter@4cb939d5, com.server.auth.filter.JwtAuthenticationFilter@52cda4bd, com.server.auth.filter.JwtVerificationFilter@40aaf656, org.springframework.security.web.savedrequest.RequestCacheAwareFilter@37f75ebf, org.springframework.security.web.servletapi.SecurityContextHolderAwareRequestFilter@45c10678, org.springframework.security.web.authentication.AnonymousAuthenticationFilter@5a183fa6, org.springframework.security.web.session.SessionManagementFilter@281d3ce7, org.springframework.security.web.access.ExceptionTranslationFilter@4117e0c9, org.springframework.security.web.access.intercept.AuthorizationFilter@3bbb3c84]
2023-07-09 13:00:59.182  WARN 16180 --- [main] JpaBaseConfiguration$JpaWebConfiguration : spring.jpa.open-in-view is enabled by default. Therefore, database queries may be performed during view rendering. Explicitly configure spring.jpa.open-in-view to disable this warning
2023-07-09 13:00:59.786  WARN 16180 --- [main] ion$DefaultTemplateResolverConfiguration : Cannot find template location: classpath:/templates/ (please add some templates, check your Thymeleaf configuration, or set spring.thymeleaf.check-template-location=false)
2023-07-09 13:01:00.086  INFO 16180 --- [main] o.s.b.w.embedded.tomcat.TomcatWebServer  : Tomcat started on port(s): 8080 (http) with context path ''
2023-07-09 13:01:00.102  INFO 16180 --- [main] com.server.ServerApplication             : Started ServerApplication in 8.453 seconds (JVM running for 9.111)
2023-07-09 13:01:54.643  INFO 16180 --- [http-nio-8080-exec-1] o.a.c.c.C.[Tomcat].[localhost].[/]       : Initializing Spring DispatcherServlet 'dispatcherServlet'
2023-07-09 13:01:54.644  INFO 16180 --- [http-nio-8080-exec-1] o.s.web.servlet.DispatcherServlet        : Initializing Servlet 'dispatcherServlet'
2023-07-09 13:01:54.645  INFO 16180 --- [http-nio-8080-exec-1] o.s.web.servlet.DispatcherServlet        : Completed initialization in 1 ms
2023-07-09 13:01:59.982  INFO 16180 --- [http-nio-8080-exec-3] c.s.a.H.UserAuthenticationSuccessHandler : # Authentication successfully.
2023-07-09 13:12:22.446  INFO 11416 --- [main] com.server.ServerApplication             : Starting ServerApplication using Java 11.0.18 on DESKTOP-NIKJHOF with PID 11416 (C:\Users\lisso\Documents\dev\0703\seb44_main_007\server\build\classes\java\main started by lisso in C:\Users\lisso\Documents\dev\0703\seb44_main_007\server)
2023-07-09 13:12:22.450  INFO 11416 --- [main] com.server.ServerApplication             : No active profile set, falling back to 1 default profile: "default"
2023-07-09 13:12:23.801  INFO 11416 --- [main] .s.d.r.c.RepositoryConfigurationDelegate : Multiple Spring Data modules found, entering strict repository configuration mode
2023-07-09 13:12:23.806  INFO 11416 --- [main] .s.d.r.c.RepositoryConfigurationDelegate : Bootstrapping Spring Data JPA repositories in DEFAULT mode.
2023-07-09 13:12:24.111  INFO 11416 --- [main] .s.d.r.c.RepositoryConfigurationDelegate : Finished Spring Data repository scanning in 292 ms. Found 5 JPA repository interfaces.
2023-07-09 13:12:25.784  INFO 11416 --- [main] o.s.b.w.embedded.tomcat.TomcatWebServer  : Tomcat initialized with port(s): 8080 (http)
2023-07-09 13:12:25.799  INFO 11416 --- [main] o.apache.catalina.core.StandardService   : Starting service [Tomcat]
2023-07-09 13:12:25.799  INFO 11416 --- [main] org.apache.catalina.core.StandardEngine  : Starting Servlet engine: [Apache Tomcat/9.0.76]
2023-07-09 13:12:25.963  INFO 11416 --- [main] o.a.c.c.C.[Tomcat].[localhost].[/]       : Initializing Spring embedded WebApplicationContext
2023-07-09 13:12:25.963  INFO 11416 --- [main] w.s.c.ServletWebServerApplicationContext : Root WebApplicationContext: initialization completed in 3441 ms
2023-07-09 13:12:26.206  INFO 11416 --- [main] o.hibernate.jpa.internal.util.LogHelper  : HHH000204: Processing PersistenceUnitInfo [name: default]
2023-07-09 13:12:26.265  INFO 11416 --- [main] org.hibernate.Version                    : HHH000412: Hibernate ORM core version 5.6.15.Final
2023-07-09 13:12:26.472  INFO 11416 --- [main] o.hibernate.annotations.common.Version   : HCANN000001: Hibernate Commons Annotations {5.1.2.Final}
2023-07-09 13:12:26.627  INFO 11416 --- [main] com.zaxxer.hikari.HikariDataSource       : HikariPool-1 - Starting...
2023-07-09 13:12:27.019  INFO 11416 --- [main] com.zaxxer.hikari.HikariDataSource       : HikariPool-1 - Start completed.
2023-07-09 13:12:27.050  INFO 11416 --- [main] org.hibernate.dialect.Dialect            : HHH000400: Using dialect: org.hibernate.dialect.MySQL8Dialect
2023-07-09 13:12:28.375  INFO 11416 --- [main] o.h.e.t.j.p.i.JtaPlatformInitiator       : HHH000490: Using JtaPlatform implementation: [org.hibernate.engine.transaction.jta.platform.internal.NoJtaPlatform]
2023-07-09 13:12:28.386  INFO 11416 --- [main] j.LocalContainerEntityManagerFactoryBean : Initialized JPA EntityManagerFactory for persistence unit 'default'
2023-07-09 13:12:29.715  INFO 11416 --- [main] o.s.s.web.DefaultSecurityFilterChain     : Will secure any request with [org.springframework.security.web.session.DisableEncodeUrlFilter@4b477121, org.springframework.security.web.context.request.async.WebAsyncManagerIntegrationFilter@21d561c9, org.springframework.security.web.context.SecurityContextPersistenceFilter@76685ab0, org.springframework.security.web.header.HeaderWriterFilter@38568876, org.springframework.web.filter.CorsFilter@752e50c6, org.springframework.security.web.authentication.logout.LogoutFilter@2e2a2b07, com.server.auth.filter.JwtAuthenticationFilter@2bef33e7, com.server.auth.filter.JwtVerificationFilter@5bd191c2, org.springframework.security.web.savedrequest.RequestCacheAwareFilter@7305a443, org.springframework.security.web.servletapi.SecurityContextHolderAwareRequestFilter@5d3f583d, org.springframework.security.web.authentication.AnonymousAuthenticationFilter@51806858, org.springframework.security.web.session.SessionManagementFilter@6c4c32ff, org.springframework.security.web.access.ExceptionTranslationFilter@5799b8a2, org.springframework.security.web.access.intercept.AuthorizationFilter@55b7f9f1]
2023-07-09 13:12:29.779  WARN 11416 --- [main] JpaBaseConfiguration$JpaWebConfiguration : spring.jpa.open-in-view is enabled by default. Therefore, database queries may be performed during view rendering. Explicitly configure spring.jpa.open-in-view to disable this warning
2023-07-09 13:12:30.227  WARN 11416 --- [main] ion$DefaultTemplateResolverConfiguration : Cannot find template location: classpath:/templates/ (please add some templates, check your Thymeleaf configuration, or set spring.thymeleaf.check-template-location=false)
2023-07-09 13:12:30.469  INFO 11416 --- [main] o.s.b.w.embedded.tomcat.TomcatWebServer  : Tomcat started on port(s): 8080 (http) with context path ''
2023-07-09 13:12:30.479  INFO 11416 --- [main] com.server.ServerApplication             : Started ServerApplication in 8.786 seconds (JVM running for 9.498)
2023-07-09 13:12:36.331  INFO 11416 --- [http-nio-8080-exec-2] o.a.c.c.C.[Tomcat].[localhost].[/]       : Initializing Spring DispatcherServlet 'dispatcherServlet'
2023-07-09 13:12:36.332  INFO 11416 --- [http-nio-8080-exec-2] o.s.web.servlet.DispatcherServlet        : Initializing Servlet 'dispatcherServlet'
2023-07-09 13:12:36.333  INFO 11416 --- [http-nio-8080-exec-2] o.s.web.servlet.DispatcherServlet        : Completed initialization in 1 ms
2023-07-09 13:12:41.032  INFO 11416 --- [http-nio-8080-exec-3] c.s.a.H.UserAuthenticationSuccessHandler : # Authentication successfully.
2023-07-09 13:14:38.269  INFO 16444 --- [main] com.server.ServerApplication             : Starting ServerApplication using Java 11.0.18 on DESKTOP-NIKJHOF with PID 16444 (C:\Users\lisso\Documents\dev\0703\seb44_main_007\server\build\classes\java\main started by lisso in C:\Users\lisso\Documents\dev\0703\seb44_main_007\server)
2023-07-09 13:14:38.274  INFO 16444 --- [main] com.server.ServerApplication             : No active profile set, falling back to 1 default profile: "default"
2023-07-09 13:14:39.516  INFO 16444 --- [main] .s.d.r.c.RepositoryConfigurationDelegate : Multiple Spring Data modules found, entering strict repository configuration mode
2023-07-09 13:14:39.520  INFO 16444 --- [main] .s.d.r.c.RepositoryConfigurationDelegate : Bootstrapping Spring Data JPA repositories in DEFAULT mode.
2023-07-09 13:14:39.803  INFO 16444 --- [main] .s.d.r.c.RepositoryConfigurationDelegate : Finished Spring Data repository scanning in 268 ms. Found 5 JPA repository interfaces.
2023-07-09 13:14:40.884  INFO 16444 --- [main] o.s.b.w.embedded.tomcat.TomcatWebServer  : Tomcat initialized with port(s): 8080 (http)
2023-07-09 13:14:40.900  INFO 16444 --- [main] o.apache.catalina.core.StandardService   : Starting service [Tomcat]
2023-07-09 13:14:40.901  INFO 16444 --- [main] org.apache.catalina.core.StandardEngine  : Starting Servlet engine: [Apache Tomcat/9.0.76]
2023-07-09 13:14:41.101  INFO 16444 --- [main] o.a.c.c.C.[Tomcat].[localhost].[/]       : Initializing Spring embedded WebApplicationContext
2023-07-09 13:14:41.102  INFO 16444 --- [main] w.s.c.ServletWebServerApplicationContext : Root WebApplicationContext: initialization completed in 2755 ms
2023-07-09 13:14:41.365  INFO 16444 --- [main] o.hibernate.jpa.internal.util.LogHelper  : HHH000204: Processing PersistenceUnitInfo [name: default]
2023-07-09 13:14:41.435  INFO 16444 --- [main] org.hibernate.Version                    : HHH000412: Hibernate ORM core version 5.6.15.Final
2023-07-09 13:14:41.670  INFO 16444 --- [main] o.hibernate.annotations.common.Version   : HCANN000001: Hibernate Commons Annotations {5.1.2.Final}
2023-07-09 13:14:41.842  INFO 16444 --- [main] com.zaxxer.hikari.HikariDataSource       : HikariPool-1 - Starting...
2023-07-09 13:14:42.350  INFO 16444 --- [main] com.zaxxer.hikari.HikariDataSource       : HikariPool-1 - Start completed.
2023-07-09 13:14:42.374  INFO 16444 --- [main] org.hibernate.dialect.Dialect            : HHH000400: Using dialect: org.hibernate.dialect.MySQL8Dialect
2023-07-09 13:14:43.797  INFO 16444 --- [main] o.h.e.t.j.p.i.JtaPlatformInitiator       : HHH000490: Using JtaPlatform implementation: [org.hibernate.engine.transaction.jta.platform.internal.NoJtaPlatform]
2023-07-09 13:14:43.810  INFO 16444 --- [main] j.LocalContainerEntityManagerFactoryBean : Initialized JPA EntityManagerFactory for persistence unit 'default'
2023-07-09 13:14:44.743  WARN 16444 --- [main] ConfigServletWebServerApplicationContext : Exception encountered during context initialization - cancelling refresh attempt: org.springframework.beans.factory.UnsatisfiedDependencyException: Error creating bean with name 'memberController' defined in file [C:\Users\lisso\Documents\dev\0703\seb44_main_007\server\build\classes\java\main\com\server\member\controller\MemberController.class]: Unsatisfied dependency expressed through constructor parameter 0; nested exception is org.springframework.beans.factory.UnsatisfiedDependencyException: Error creating bean with name 'memberService' defined in file [C:\Users\lisso\Documents\dev\0703\seb44_main_007\server\build\classes\java\main\com\server\member\service\MemberService.class]: Unsatisfied dependency expressed through constructor parameter 2; nested exception is org.springframework.beans.factory.NoSuchBeanDefinitionException: No qualifying bean of type 'org.springframework.security.crypto.password.PasswordEncoder' available: expected at least 1 bean which qualifies as autowire candidate. Dependency annotations: {}
2023-07-09 13:14:44.759  INFO 16444 --- [main] j.LocalContainerEntityManagerFactoryBean : Closing JPA EntityManagerFactory for persistence unit 'default'
2023-07-09 13:14:44.762  INFO 16444 --- [main] com.zaxxer.hikari.HikariDataSource       : HikariPool-1 - Shutdown initiated...
2023-07-09 13:14:44.778  INFO 16444 --- [main] com.zaxxer.hikari.HikariDataSource       : HikariPool-1 - Shutdown completed.
2023-07-09 13:14:44.779  INFO 16444 --- [main] o.apache.catalina.core.StandardService   : Stopping service [Tomcat]
2023-07-09 13:14:44.790  INFO 16444 --- [main] ConditionEvaluationReportLoggingListener : 

Error starting ApplicationContext. To display the conditions report re-run your application with 'debug' enabled.
2023-07-09 13:14:44.822 ERROR 16444 --- [main] o.s.b.d.LoggingFailureAnalysisReporter   : 

***************************
APPLICATION FAILED TO START
***************************

Description:

Parameter 2 of constructor in com.server.member.service.MemberService required a bean of type 'org.springframework.security.crypto.password.PasswordEncoder' that could not be found.


Action:

Consider defining a bean of type 'org.springframework.security.crypto.password.PasswordEncoder' in your configuration.

2023-07-09 13:36:09.689  INFO 10136 --- [main] com.server.ServerApplication             : Starting ServerApplication using Java 11.0.18 on DESKTOP-NIKJHOF with PID 10136 (C:\Users\lisso\Documents\dev\0703\seb44_main_007\server\build\classes\java\main started by lisso in C:\Users\lisso\Documents\dev\0703\seb44_main_007\server)
2023-07-09 13:36:09.693  INFO 10136 --- [main] com.server.ServerApplication             : No active profile set, falling back to 1 default profile: "default"
2023-07-09 13:36:11.052  INFO 10136 --- [main] .s.d.r.c.RepositoryConfigurationDelegate : Multiple Spring Data modules found, entering strict repository configuration mode
2023-07-09 13:36:11.056  INFO 10136 --- [main] .s.d.r.c.RepositoryConfigurationDelegate : Bootstrapping Spring Data JPA repositories in DEFAULT mode.
2023-07-09 13:36:11.286  INFO 10136 --- [main] .s.d.r.c.RepositoryConfigurationDelegate : Finished Spring Data repository scanning in 216 ms. Found 5 JPA repository interfaces.
2023-07-09 13:36:12.443  INFO 10136 --- [main] o.s.b.w.embedded.tomcat.TomcatWebServer  : Tomcat initialized with port(s): 8080 (http)
2023-07-09 13:36:12.459  INFO 10136 --- [main] o.apache.catalina.core.StandardService   : Starting service [Tomcat]
2023-07-09 13:36:12.459  INFO 10136 --- [main] org.apache.catalina.core.StandardEngine  : Starting Servlet engine: [Apache Tomcat/9.0.76]
2023-07-09 13:36:12.715  INFO 10136 --- [main] o.a.c.c.C.[Tomcat].[localhost].[/]       : Initializing Spring embedded WebApplicationContext
2023-07-09 13:36:12.715  INFO 10136 --- [main] w.s.c.ServletWebServerApplicationContext : Root WebApplicationContext: initialization completed in 2952 ms
2023-07-09 13:36:13.001  INFO 10136 --- [main] o.hibernate.jpa.internal.util.LogHelper  : HHH000204: Processing PersistenceUnitInfo [name: default]
2023-07-09 13:36:13.066  INFO 10136 --- [main] org.hibernate.Version                    : HHH000412: Hibernate ORM core version 5.6.15.Final
2023-07-09 13:36:13.319  INFO 10136 --- [main] o.hibernate.annotations.common.Version   : HCANN000001: Hibernate Commons Annotations {5.1.2.Final}
2023-07-09 13:36:13.485  INFO 10136 --- [main] com.zaxxer.hikari.HikariDataSource       : HikariPool-1 - Starting...
2023-07-09 13:36:13.799  INFO 10136 --- [main] com.zaxxer.hikari.HikariDataSource       : HikariPool-1 - Start completed.
2023-07-09 13:36:13.831  INFO 10136 --- [main] org.hibernate.dialect.Dialect            : HHH000400: Using dialect: org.hibernate.dialect.MySQL8Dialect
2023-07-09 13:36:15.195  INFO 10136 --- [main] o.h.e.t.j.p.i.JtaPlatformInitiator       : HHH000490: Using JtaPlatform implementation: [org.hibernate.engine.transaction.jta.platform.internal.NoJtaPlatform]
2023-07-09 13:36:15.209  INFO 10136 --- [main] j.LocalContainerEntityManagerFactoryBean : Initialized JPA EntityManagerFactory for persistence unit 'default'
2023-07-09 13:36:16.685  INFO 10136 --- [main] o.s.s.web.DefaultSecurityFilterChain     : Will secure any request with [org.springframework.security.web.session.DisableEncodeUrlFilter@273e622f, org.springframework.security.web.context.request.async.WebAsyncManagerIntegrationFilter@380cd266, org.springframework.security.web.context.SecurityContextPersistenceFilter@5a1a5521, org.springframework.security.web.header.HeaderWriterFilter@5799b8a2, org.springframework.web.filter.CorsFilter@4b477121, org.springframework.security.web.authentication.logout.LogoutFilter@78d49939, com.server.auth.filter.JwtAuthenticationFilter@21d561c9, com.server.auth.filter.JwtVerificationFilter@752e50c6, org.springframework.security.web.savedrequest.RequestCacheAwareFilter@76685ab0, org.springframework.security.web.servletapi.SecurityContextHolderAwareRequestFilter@adbc3bc, org.springframework.security.web.authentication.AnonymousAuthenticationFilter@2bef33e7, org.springframework.security.web.session.SessionManagementFilter@38568876, org.springframework.security.web.access.ExceptionTranslationFilter@2a22e7e2, org.springframework.security.web.access.intercept.AuthorizationFilter@3e242137]
2023-07-09 13:36:16.766  WARN 10136 --- [main] JpaBaseConfiguration$JpaWebConfiguration : spring.jpa.open-in-view is enabled by default. Therefore, database queries may be performed during view rendering. Explicitly configure spring.jpa.open-in-view to disable this warning
2023-07-09 13:36:17.193  WARN 10136 --- [main] ion$DefaultTemplateResolverConfiguration : Cannot find template location: classpath:/templates/ (please add some templates, check your Thymeleaf configuration, or set spring.thymeleaf.check-template-location=false)
2023-07-09 13:36:17.459  INFO 10136 --- [main] o.s.b.w.embedded.tomcat.TomcatWebServer  : Tomcat started on port(s): 8080 (http) with context path ''
2023-07-09 13:36:17.469  INFO 10136 --- [main] com.server.ServerApplication             : Started ServerApplication in 8.425 seconds (JVM running for 9.079)
2023-07-09 13:36:20.818  INFO 10136 --- [http-nio-8080-exec-2] o.a.c.c.C.[Tomcat].[localhost].[/]       : Initializing Spring DispatcherServlet 'dispatcherServlet'
2023-07-09 13:36:20.819  INFO 10136 --- [http-nio-8080-exec-2] o.s.web.servlet.DispatcherServlet        : Initializing Servlet 'dispatcherServlet'
2023-07-09 13:36:20.821  INFO 10136 --- [http-nio-8080-exec-2] o.s.web.servlet.DispatcherServlet        : Completed initialization in 1 ms
2023-07-09 13:36:24.128  INFO 10136 --- [http-nio-8080-exec-3] c.s.a.H.UserAuthenticationSuccessHandler : # Authentication successfully.
2023-07-09 13:37:53.244  INFO 17496 --- [main] com.server.ServerApplication             : Starting ServerApplication using Java 11.0.18 on DESKTOP-NIKJHOF with PID 17496 (C:\Users\lisso\Documents\dev\0703\seb44_main_007\server\build\classes\java\main started by lisso in C:\Users\lisso\Documents\dev\0703\seb44_main_007\server)
2023-07-09 13:37:53.248  INFO 17496 --- [main] com.server.ServerApplication             : No active profile set, falling back to 1 default profile: "default"
2023-07-09 13:37:54.552  INFO 17496 --- [main] .s.d.r.c.RepositoryConfigurationDelegate : Multiple Spring Data modules found, entering strict repository configuration mode
2023-07-09 13:37:54.558  INFO 17496 --- [main] .s.d.r.c.RepositoryConfigurationDelegate : Bootstrapping Spring Data JPA repositories in DEFAULT mode.
2023-07-09 13:37:54.875  INFO 17496 --- [main] .s.d.r.c.RepositoryConfigurationDelegate : Finished Spring Data repository scanning in 304 ms. Found 5 JPA repository interfaces.
2023-07-09 13:37:56.101  INFO 17496 --- [main] o.s.b.w.embedded.tomcat.TomcatWebServer  : Tomcat initialized with port(s): 8080 (http)
2023-07-09 13:37:56.115  INFO 17496 --- [main] o.apache.catalina.core.StandardService   : Starting service [Tomcat]
2023-07-09 13:37:56.115  INFO 17496 --- [main] org.apache.catalina.core.StandardEngine  : Starting Servlet engine: [Apache Tomcat/9.0.76]
2023-07-09 13:37:56.305  INFO 17496 --- [main] o.a.c.c.C.[Tomcat].[localhost].[/]       : Initializing Spring embedded WebApplicationContext
2023-07-09 13:37:56.306  INFO 17496 --- [main] w.s.c.ServletWebServerApplicationContext : Root WebApplicationContext: initialization completed in 2971 ms
2023-07-09 13:37:56.550  INFO 17496 --- [main] o.hibernate.jpa.internal.util.LogHelper  : HHH000204: Processing PersistenceUnitInfo [name: default]
2023-07-09 13:37:56.625  INFO 17496 --- [main] org.hibernate.Version                    : HHH000412: Hibernate ORM core version 5.6.15.Final
2023-07-09 13:37:56.997  INFO 17496 --- [main] o.hibernate.annotations.common.Version   : HCANN000001: Hibernate Commons Annotations {5.1.2.Final}
2023-07-09 13:37:57.195  INFO 17496 --- [main] com.zaxxer.hikari.HikariDataSource       : HikariPool-1 - Starting...
2023-07-09 13:37:57.583  INFO 17496 --- [main] com.zaxxer.hikari.HikariDataSource       : HikariPool-1 - Start completed.
2023-07-09 13:37:57.600  INFO 17496 --- [main] org.hibernate.dialect.Dialect            : HHH000400: Using dialect: org.hibernate.dialect.MySQL8Dialect
2023-07-09 13:37:58.893  INFO 17496 --- [main] o.h.e.t.j.p.i.JtaPlatformInitiator       : HHH000490: Using JtaPlatform implementation: [org.hibernate.engine.transaction.jta.platform.internal.NoJtaPlatform]
2023-07-09 13:37:58.907  INFO 17496 --- [main] j.LocalContainerEntityManagerFactoryBean : Initialized JPA EntityManagerFactory for persistence unit 'default'
2023-07-09 13:38:21.968  INFO 17496 --- [main] o.s.s.web.DefaultSecurityFilterChain     : Will secure any request with [org.springframework.security.web.session.DisableEncodeUrlFilter@3e242137, org.springframework.security.web.context.request.async.WebAsyncManagerIntegrationFilter@25dacc5a, org.springframework.security.web.context.SecurityContextPersistenceFilter@38568876, org.springframework.security.web.header.HeaderWriterFilter@4512f5f1, org.springframework.web.filter.CorsFilter@55b7f9f1, org.springframework.security.web.authentication.logout.LogoutFilter@6b3284, com.server.auth.filter.JwtAuthenticationFilter@273e622f, com.server.auth.filter.JwtVerificationFilter@380cd266, org.springframework.security.web.savedrequest.RequestCacheAwareFilter@6c4c32ff, org.springframework.security.web.servletapi.SecurityContextHolderAwareRequestFilter@7bbe5548, org.springframework.security.web.authentication.AnonymousAuthenticationFilter@4b477121, org.springframework.security.web.session.SessionManagementFilter@3bfead8d, org.springframework.security.web.access.ExceptionTranslationFilter@779cda39, org.springframework.security.web.access.intercept.AuthorizationFilter@5a183fa6]
2023-07-09 13:38:26.971  WARN 17496 --- [main] JpaBaseConfiguration$JpaWebConfiguration : spring.jpa.open-in-view is enabled by default. Therefore, database queries may be performed during view rendering. Explicitly configure spring.jpa.open-in-view to disable this warning
2023-07-09 13:38:59.604  WARN 17496 --- [main] ion$DefaultTemplateResolverConfiguration : Cannot find template location: classpath:/templates/ (please add some templates, check your Thymeleaf configuration, or set spring.thymeleaf.check-template-location=false)
2023-07-09 13:39:17.255  INFO 17496 --- [main] o.s.b.w.embedded.tomcat.TomcatWebServer  : Tomcat started on port(s): 8080 (http) with context path ''
2023-07-09 13:39:18.627  INFO 17496 --- [main] com.server.ServerApplication             : Started ServerApplication in 86.074 seconds (JVM running for 86.619)
2023-07-09 13:39:27.942  INFO 17496 --- [http-nio-8080-exec-2] o.a.c.c.C.[Tomcat].[localhost].[/]       : Initializing Spring DispatcherServlet 'dispatcherServlet'
2023-07-09 13:39:27.951  INFO 17496 --- [http-nio-8080-exec-2] o.s.web.servlet.DispatcherServlet        : Initializing Servlet 'dispatcherServlet'
2023-07-09 13:39:28.261  INFO 17496 --- [http-nio-8080-exec-2] o.s.web.servlet.DispatcherServlet        : Completed initialization in 304 ms
2023-07-09 13:41:13.723  INFO 17496 --- [http-nio-8080-exec-3] c.s.a.H.UserAuthenticationSuccessHandler : # Authentication successfully.
2023-07-09 13:42:59.847  INFO 12512 --- [main] com.server.ServerApplication             : Starting ServerApplication using Java 11.0.18 on DESKTOP-NIKJHOF with PID 12512 (C:\Users\lisso\Documents\dev\0703\seb44_main_007\server\build\classes\java\main started by lisso in C:\Users\lisso\Documents\dev\0703\seb44_main_007\server)
2023-07-09 13:42:59.850  INFO 12512 --- [main] com.server.ServerApplication             : No active profile set, falling back to 1 default profile: "default"
2023-07-09 13:43:00.991  INFO 12512 --- [main] .s.d.r.c.RepositoryConfigurationDelegate : Multiple Spring Data modules found, entering strict repository configuration mode
2023-07-09 13:43:00.994  INFO 12512 --- [main] .s.d.r.c.RepositoryConfigurationDelegate : Bootstrapping Spring Data JPA repositories in DEFAULT mode.
2023-07-09 13:43:01.239  INFO 12512 --- [main] .s.d.r.c.RepositoryConfigurationDelegate : Finished Spring Data repository scanning in 234 ms. Found 5 JPA repository interfaces.
2023-07-09 13:43:02.194  INFO 12512 --- [main] o.s.b.w.embedded.tomcat.TomcatWebServer  : Tomcat initialized with port(s): 8080 (http)
2023-07-09 13:43:02.205  INFO 12512 --- [main] o.apache.catalina.core.StandardService   : Starting service [Tomcat]
2023-07-09 13:43:02.206  INFO 12512 --- [main] org.apache.catalina.core.StandardEngine  : Starting Servlet engine: [Apache Tomcat/9.0.76]
2023-07-09 13:43:02.368  INFO 12512 --- [main] o.a.c.c.C.[Tomcat].[localhost].[/]       : Initializing Spring embedded WebApplicationContext
2023-07-09 13:43:02.369  INFO 12512 --- [main] w.s.c.ServletWebServerApplicationContext : Root WebApplicationContext: initialization completed in 2448 ms
2023-07-09 13:43:02.611  INFO 12512 --- [main] o.hibernate.jpa.internal.util.LogHelper  : HHH000204: Processing PersistenceUnitInfo [name: default]
2023-07-09 13:43:02.684  INFO 12512 --- [main] org.hibernate.Version                    : HHH000412: Hibernate ORM core version 5.6.15.Final
2023-07-09 13:43:02.908  INFO 12512 --- [main] o.hibernate.annotations.common.Version   : HCANN000001: Hibernate Commons Annotations {5.1.2.Final}
2023-07-09 13:43:03.046  INFO 12512 --- [main] com.zaxxer.hikari.HikariDataSource       : HikariPool-1 - Starting...
2023-07-09 13:43:03.498  INFO 12512 --- [main] com.zaxxer.hikari.HikariDataSource       : HikariPool-1 - Start completed.
2023-07-09 13:43:03.523  INFO 12512 --- [main] org.hibernate.dialect.Dialect            : HHH000400: Using dialect: org.hibernate.dialect.MySQL8Dialect
2023-07-09 13:43:04.938  INFO 12512 --- [main] o.h.e.t.j.p.i.JtaPlatformInitiator       : HHH000490: Using JtaPlatform implementation: [org.hibernate.engine.transaction.jta.platform.internal.NoJtaPlatform]
2023-07-09 13:43:04.965  INFO 12512 --- [main] j.LocalContainerEntityManagerFactoryBean : Initialized JPA EntityManagerFactory for persistence unit 'default'
2023-07-09 13:43:06.483  INFO 12512 --- [main] o.s.s.web.DefaultSecurityFilterChain     : Will secure any request with [org.springframework.security.web.session.DisableEncodeUrlFilter@55b7f9f1, org.springframework.security.web.context.request.async.WebAsyncManagerIntegrationFilter@273e622f, org.springframework.security.web.context.SecurityContextPersistenceFilter@6c4c32ff, org.springframework.security.web.header.HeaderWriterFilter@3bfead8d, org.springframework.web.filter.CorsFilter@380cd266, org.springframework.security.web.authentication.logout.LogoutFilter@67e37d25, com.server.auth.filter.JwtAuthenticationFilter@4b477121, com.server.auth.filter.JwtVerificationFilter@21d561c9, org.springframework.security.web.savedrequest.RequestCacheAwareFilter@5603632c, org.springframework.security.web.servletapi.SecurityContextHolderAwareRequestFilter@3ed2a30c, org.springframework.security.web.authentication.AnonymousAuthenticationFilter@752e50c6, org.springframework.security.web.session.SessionManagementFilter@5f662dd, org.springframework.security.web.access.ExceptionTranslationFilter@4512f5f1, org.springframework.security.web.access.intercept.AuthorizationFilter@292b7a02]
2023-07-09 13:43:06.582  WARN 12512 --- [main] JpaBaseConfiguration$JpaWebConfiguration : spring.jpa.open-in-view is enabled by default. Therefore, database queries may be performed during view rendering. Explicitly configure spring.jpa.open-in-view to disable this warning
2023-07-09 13:43:07.056  WARN 12512 --- [main] ion$DefaultTemplateResolverConfiguration : Cannot find template location: classpath:/templates/ (please add some templates, check your Thymeleaf configuration, or set spring.thymeleaf.check-template-location=false)
2023-07-09 13:43:07.370  INFO 12512 --- [main] o.s.b.w.embedded.tomcat.TomcatWebServer  : Tomcat started on port(s): 8080 (http) with context path ''
2023-07-09 13:43:07.385  INFO 12512 --- [main] com.server.ServerApplication             : Started ServerApplication in 8.168 seconds (JVM running for 8.703)
2023-07-09 13:43:19.439  INFO 17260 --- [main] com.server.ServerApplication             : Starting ServerApplication using Java 11.0.18 on DESKTOP-NIKJHOF with PID 17260 (C:\Users\lisso\Documents\dev\0703\seb44_main_007\server\build\classes\java\main started by lisso in C:\Users\lisso\Documents\dev\0703\seb44_main_007\server)
2023-07-09 13:43:19.444  INFO 17260 --- [main] com.server.ServerApplication             : No active profile set, falling back to 1 default profile: "default"
2023-07-09 13:43:20.747  INFO 17260 --- [main] .s.d.r.c.RepositoryConfigurationDelegate : Multiple Spring Data modules found, entering strict repository configuration mode
2023-07-09 13:43:20.750  INFO 17260 --- [main] .s.d.r.c.RepositoryConfigurationDelegate : Bootstrapping Spring Data JPA repositories in DEFAULT mode.
2023-07-09 13:43:21.037  INFO 17260 --- [main] .s.d.r.c.RepositoryConfigurationDelegate : Finished Spring Data repository scanning in 274 ms. Found 5 JPA repository interfaces.
2023-07-09 13:43:22.209  INFO 17260 --- [main] o.s.b.w.embedded.tomcat.TomcatWebServer  : Tomcat initialized with port(s): 8080 (http)
2023-07-09 13:43:22.224  INFO 17260 --- [main] o.apache.catalina.core.StandardService   : Starting service [Tomcat]
2023-07-09 13:43:22.225  INFO 17260 --- [main] org.apache.catalina.core.StandardEngine  : Starting Servlet engine: [Apache Tomcat/9.0.76]
2023-07-09 13:43:22.395  INFO 17260 --- [main] o.a.c.c.C.[Tomcat].[localhost].[/]       : Initializing Spring embedded WebApplicationContext
2023-07-09 13:43:22.395  INFO 17260 --- [main] w.s.c.ServletWebServerApplicationContext : Root WebApplicationContext: initialization completed in 2862 ms
2023-07-09 13:43:22.693  INFO 17260 --- [main] o.hibernate.jpa.internal.util.LogHelper  : HHH000204: Processing PersistenceUnitInfo [name: default]
2023-07-09 13:43:22.806  INFO 17260 --- [main] org.hibernate.Version                    : HHH000412: Hibernate ORM core version 5.6.15.Final
2023-07-09 13:43:23.099  INFO 17260 --- [main] o.hibernate.annotations.common.Version   : HCANN000001: Hibernate Commons Annotations {5.1.2.Final}
2023-07-09 13:43:23.317  INFO 17260 --- [main] com.zaxxer.hikari.HikariDataSource       : HikariPool-1 - Starting...
2023-07-09 13:43:23.774  INFO 17260 --- [main] com.zaxxer.hikari.HikariDataSource       : HikariPool-1 - Start completed.
2023-07-09 13:43:23.797  INFO 17260 --- [main] org.hibernate.dialect.Dialect            : HHH000400: Using dialect: org.hibernate.dialect.MySQL8Dialect
2023-07-09 13:43:25.209  INFO 17260 --- [main] o.h.e.t.j.p.i.JtaPlatformInitiator       : HHH000490: Using JtaPlatform implementation: [org.hibernate.engine.transaction.jta.platform.internal.NoJtaPlatform]
2023-07-09 13:43:25.225  INFO 17260 --- [main] j.LocalContainerEntityManagerFactoryBean : Initialized JPA EntityManagerFactory for persistence unit 'default'
2023-07-09 13:43:26.784  INFO 17260 --- [main] o.s.s.web.DefaultSecurityFilterChain     : Will secure any request with [org.springframework.security.web.session.DisableEncodeUrlFilter@3e242137, org.springframework.security.web.context.request.async.WebAsyncManagerIntegrationFilter@25dacc5a, org.springframework.security.web.context.SecurityContextPersistenceFilter@38568876, org.springframework.security.web.header.HeaderWriterFilter@4512f5f1, org.springframework.web.filter.CorsFilter@55b7f9f1, org.springframework.security.web.authentication.logout.LogoutFilter@6b3284, com.server.auth.filter.JwtAuthenticationFilter@273e622f, com.server.auth.filter.JwtVerificationFilter@380cd266, org.springframework.security.web.savedrequest.RequestCacheAwareFilter@6c4c32ff, org.springframework.security.web.servletapi.SecurityContextHolderAwareRequestFilter@7bbe5548, org.springframework.security.web.authentication.AnonymousAuthenticationFilter@4b477121, org.springframework.security.web.session.SessionManagementFilter@3bfead8d, org.springframework.security.web.access.ExceptionTranslationFilter@779cda39, org.springframework.security.web.access.intercept.AuthorizationFilter@5a183fa6]
2023-07-09 13:43:26.858  WARN 17260 --- [main] JpaBaseConfiguration$JpaWebConfiguration : spring.jpa.open-in-view is enabled by default. Therefore, database queries may be performed during view rendering. Explicitly configure spring.jpa.open-in-view to disable this warning
2023-07-09 13:43:27.354  WARN 17260 --- [main] ion$DefaultTemplateResolverConfiguration : Cannot find template location: classpath:/templates/ (please add some templates, check your Thymeleaf configuration, or set spring.thymeleaf.check-template-location=false)
2023-07-09 13:43:27.662  INFO 17260 --- [main] o.s.b.w.embedded.tomcat.TomcatWebServer  : Tomcat started on port(s): 8080 (http) with context path ''
2023-07-09 13:43:27.675  INFO 17260 --- [main] com.server.ServerApplication             : Started ServerApplication in 8.957 seconds (JVM running for 9.714)
2023-07-09 13:43:36.301  INFO 17260 --- [http-nio-8080-exec-3] o.a.c.c.C.[Tomcat].[localhost].[/]       : Initializing Spring DispatcherServlet 'dispatcherServlet'
2023-07-09 13:43:36.303  INFO 17260 --- [http-nio-8080-exec-3] o.s.web.servlet.DispatcherServlet        : Initializing Servlet 'dispatcherServlet'
2023-07-09 13:43:36.304  INFO 17260 --- [http-nio-8080-exec-3] o.s.web.servlet.DispatcherServlet        : Completed initialization in 1 ms
2023-07-09 13:43:39.902  INFO 17260 --- [http-nio-8080-exec-2] c.s.a.H.UserAuthenticationSuccessHandler : # Authentication successfully.
2023-07-09 13:44:46.238  WARN 17260 --- [http-nio-8080-exec-4] o.h.engine.jdbc.spi.SqlExceptionHelper   : SQL Error: 1048, SQLState: 23000
2023-07-09 13:44:46.239 ERROR 17260 --- [http-nio-8080-exec-4] o.h.engine.jdbc.spi.SqlExceptionHelper   : Column 'member_id' cannot be null
2023-07-09 13:53:37.548  INFO 15920 --- [main] com.server.ServerApplication             : Starting ServerApplication using Java 11.0.18 on DESKTOP-NIKJHOF with PID 15920 (C:\Users\lisso\Documents\dev\0703\seb44_main_007\server\build\classes\java\main started by lisso in C:\Users\lisso\Documents\dev\0703\seb44_main_007\server)
2023-07-09 13:53:37.552  INFO 15920 --- [main] com.server.ServerApplication             : No active profile set, falling back to 1 default profile: "default"
2023-07-09 13:53:38.891  INFO 15920 --- [main] .s.d.r.c.RepositoryConfigurationDelegate : Multiple Spring Data modules found, entering strict repository configuration mode
2023-07-09 13:53:38.895  INFO 15920 --- [main] .s.d.r.c.RepositoryConfigurationDelegate : Bootstrapping Spring Data JPA repositories in DEFAULT mode.
2023-07-09 13:53:39.179  INFO 15920 --- [main] .s.d.r.c.RepositoryConfigurationDelegate : Finished Spring Data repository scanning in 271 ms. Found 5 JPA repository interfaces.
2023-07-09 13:53:40.305  INFO 15920 --- [main] o.s.b.w.embedded.tomcat.TomcatWebServer  : Tomcat initialized with port(s): 8080 (http)
2023-07-09 13:53:40.319  INFO 15920 --- [main] o.apache.catalina.core.StandardService   : Starting service [Tomcat]
2023-07-09 13:53:40.319  INFO 15920 --- [main] org.apache.catalina.core.StandardEngine  : Starting Servlet engine: [Apache Tomcat/9.0.76]
2023-07-09 13:53:40.497  INFO 15920 --- [main] o.a.c.c.C.[Tomcat].[localhost].[/]       : Initializing Spring embedded WebApplicationContext
2023-07-09 13:53:40.498  INFO 15920 --- [main] w.s.c.ServletWebServerApplicationContext : Root WebApplicationContext: initialization completed in 2853 ms
2023-07-09 13:53:40.749  INFO 15920 --- [main] o.hibernate.jpa.internal.util.LogHelper  : HHH000204: Processing PersistenceUnitInfo [name: default]
2023-07-09 13:53:40.840  INFO 15920 --- [main] org.hibernate.Version                    : HHH000412: Hibernate ORM core version 5.6.15.Final
2023-07-09 13:53:41.178  INFO 15920 --- [main] o.hibernate.annotations.common.Version   : HCANN000001: Hibernate Commons Annotations {5.1.2.Final}
2023-07-09 13:53:41.362  INFO 15920 --- [main] com.zaxxer.hikari.HikariDataSource       : HikariPool-1 - Starting...
2023-07-09 13:53:41.822  INFO 15920 --- [main] com.zaxxer.hikari.HikariDataSource       : HikariPool-1 - Start completed.
2023-07-09 13:53:41.840  INFO 15920 --- [main] org.hibernate.dialect.Dialect            : HHH000400: Using dialect: org.hibernate.dialect.MySQL8Dialect
2023-07-09 13:53:43.176  INFO 15920 --- [main] o.h.e.t.j.p.i.JtaPlatformInitiator       : HHH000490: Using JtaPlatform implementation: [org.hibernate.engine.transaction.jta.platform.internal.NoJtaPlatform]
2023-07-09 13:53:43.191  INFO 15920 --- [main] j.LocalContainerEntityManagerFactoryBean : Initialized JPA EntityManagerFactory for persistence unit 'default'
2023-07-09 13:53:44.724  INFO 15920 --- [main] o.s.s.web.DefaultSecurityFilterChain     : Will secure any request with [org.springframework.security.web.session.DisableEncodeUrlFilter@55b7f9f1, org.springframework.security.web.context.request.async.WebAsyncManagerIntegrationFilter@273e622f, org.springframework.security.web.context.SecurityContextPersistenceFilter@6c4c32ff, org.springframework.security.web.header.HeaderWriterFilter@3bfead8d, org.springframework.web.filter.CorsFilter@380cd266, org.springframework.security.web.authentication.logout.LogoutFilter@67e37d25, com.server.auth.filter.JwtAuthenticationFilter@4b477121, com.server.auth.filter.JwtVerificationFilter@21d561c9, org.springframework.security.web.savedrequest.RequestCacheAwareFilter@5603632c, org.springframework.security.web.servletapi.SecurityContextHolderAwareRequestFilter@3ed2a30c, org.springframework.security.web.authentication.AnonymousAuthenticationFilter@752e50c6, org.springframework.security.web.session.SessionManagementFilter@5f662dd, org.springframework.security.web.access.ExceptionTranslationFilter@4512f5f1, org.springframework.security.web.access.intercept.AuthorizationFilter@292b7a02]
2023-07-09 13:53:44.815  WARN 15920 --- [main] JpaBaseConfiguration$JpaWebConfiguration : spring.jpa.open-in-view is enabled by default. Therefore, database queries may be performed during view rendering. Explicitly configure spring.jpa.open-in-view to disable this warning
2023-07-09 13:53:45.381  WARN 15920 --- [main] ion$DefaultTemplateResolverConfiguration : Cannot find template location: classpath:/templates/ (please add some templates, check your Thymeleaf configuration, or set spring.thymeleaf.check-template-location=false)
2023-07-09 13:53:45.684  INFO 15920 --- [main] o.s.b.w.embedded.tomcat.TomcatWebServer  : Tomcat started on port(s): 8080 (http) with context path ''
2023-07-09 13:53:45.699  INFO 15920 --- [main] com.server.ServerApplication             : Started ServerApplication in 8.906 seconds (JVM running for 9.679)
2023-07-09 13:53:52.415  INFO 15920 --- [http-nio-8080-exec-2] o.a.c.c.C.[Tomcat].[localhost].[/]       : Initializing Spring DispatcherServlet 'dispatcherServlet'
2023-07-09 13:53:52.416  INFO 15920 --- [http-nio-8080-exec-2] o.s.web.servlet.DispatcherServlet        : Initializing Servlet 'dispatcherServlet'
2023-07-09 13:53:52.418  INFO 15920 --- [http-nio-8080-exec-2] o.s.web.servlet.DispatcherServlet        : Completed initialization in 2 ms
2023-07-09 13:53:56.837  INFO 15920 --- [http-nio-8080-exec-3] c.s.a.H.UserAuthenticationSuccessHandler : # Authentication successfully.
2023-07-09 13:54:53.607  WARN 15920 --- [http-nio-8080-exec-4] o.h.engine.jdbc.spi.SqlExceptionHelper   : SQL Error: 1048, SQLState: 23000
2023-07-09 13:54:53.608 ERROR 15920 --- [http-nio-8080-exec-4] o.h.engine.jdbc.spi.SqlExceptionHelper   : Column 'member_id' cannot be null
2023-07-09 13:55:45.236  WARN 15920 --- [http-nio-8080-exec-4] o.h.engine.jdbc.spi.SqlExceptionHelper   : SQL Error: 1048, SQLState: 23000
2023-07-09 13:55:45.238 ERROR 15920 --- [http-nio-8080-exec-4] o.h.engine.jdbc.spi.SqlExceptionHelper   : Column 'member_id' cannot be null
2023-07-09 13:56:02.603  INFO 16856 --- [main] com.server.ServerApplication             : Starting ServerApplication using Java 11.0.18 on DESKTOP-NIKJHOF with PID 16856 (C:\Users\lisso\Documents\dev\0703\seb44_main_007\server\build\classes\java\main started by lisso in C:\Users\lisso\Documents\dev\0703\seb44_main_007\server)
2023-07-09 13:56:02.608  INFO 16856 --- [main] com.server.ServerApplication             : No active profile set, falling back to 1 default profile: "default"
2023-07-09 13:56:04.167  INFO 16856 --- [main] .s.d.r.c.RepositoryConfigurationDelegate : Multiple Spring Data modules found, entering strict repository configuration mode
2023-07-09 13:56:04.174  INFO 16856 --- [main] .s.d.r.c.RepositoryConfigurationDelegate : Bootstrapping Spring Data JPA repositories in DEFAULT mode.
2023-07-09 13:56:04.407  INFO 16856 --- [main] .s.d.r.c.RepositoryConfigurationDelegate : Finished Spring Data repository scanning in 222 ms. Found 5 JPA repository interfaces.
2023-07-09 13:56:05.629  INFO 16856 --- [main] o.s.b.w.embedded.tomcat.TomcatWebServer  : Tomcat initialized with port(s): 8080 (http)
2023-07-09 13:56:05.648  INFO 16856 --- [main] o.apache.catalina.core.StandardService   : Starting service [Tomcat]
2023-07-09 13:56:05.648  INFO 16856 --- [main] org.apache.catalina.core.StandardEngine  : Starting Servlet engine: [Apache Tomcat/9.0.76]
2023-07-09 13:56:05.914  INFO 16856 --- [main] o.a.c.c.C.[Tomcat].[localhost].[/]       : Initializing Spring embedded WebApplicationContext
2023-07-09 13:56:05.915  INFO 16856 --- [main] w.s.c.ServletWebServerApplicationContext : Root WebApplicationContext: initialization completed in 3216 ms
2023-07-09 13:56:06.248  INFO 16856 --- [main] o.hibernate.jpa.internal.util.LogHelper  : HHH000204: Processing PersistenceUnitInfo [name: default]
2023-07-09 13:56:06.328  INFO 16856 --- [main] org.hibernate.Version                    : HHH000412: Hibernate ORM core version 5.6.15.Final
2023-07-09 13:56:06.706  INFO 16856 --- [main] o.hibernate.annotations.common.Version   : HCANN000001: Hibernate Commons Annotations {5.1.2.Final}
2023-07-09 13:56:06.940  INFO 16856 --- [main] com.zaxxer.hikari.HikariDataSource       : HikariPool-1 - Starting...
2023-07-09 13:56:07.385  INFO 16856 --- [main] com.zaxxer.hikari.HikariDataSource       : HikariPool-1 - Start completed.
2023-07-09 13:56:07.420  INFO 16856 --- [main] org.hibernate.dialect.Dialect            : HHH000400: Using dialect: org.hibernate.dialect.MySQL8Dialect
2023-07-09 13:56:09.090  INFO 16856 --- [main] o.h.e.t.j.p.i.JtaPlatformInitiator       : HHH000490: Using JtaPlatform implementation: [org.hibernate.engine.transaction.jta.platform.internal.NoJtaPlatform]
2023-07-09 13:56:09.109  INFO 16856 --- [main] j.LocalContainerEntityManagerFactoryBean : Initialized JPA EntityManagerFactory for persistence unit 'default'
2023-07-09 13:56:10.779  INFO 16856 --- [main] o.s.s.web.DefaultSecurityFilterChain     : Will secure any request with [org.springframework.security.web.session.DisableEncodeUrlFilter@3e242137, org.springframework.security.web.context.request.async.WebAsyncManagerIntegrationFilter@25dacc5a, org.springframework.security.web.context.SecurityContextPersistenceFilter@38568876, org.springframework.security.web.header.HeaderWriterFilter@4512f5f1, org.springframework.web.filter.CorsFilter@55b7f9f1, org.springframework.security.web.authentication.logout.LogoutFilter@6b3284, com.server.auth.filter.JwtAuthenticationFilter@273e622f, com.server.auth.filter.JwtVerificationFilter@380cd266, org.springframework.security.web.savedrequest.RequestCacheAwareFilter@6c4c32ff, org.springframework.security.web.servletapi.SecurityContextHolderAwareRequestFilter@7bbe5548, org.springframework.security.web.authentication.AnonymousAuthenticationFilter@4b477121, org.springframework.security.web.session.SessionManagementFilter@3bfead8d, org.springframework.security.web.access.ExceptionTranslationFilter@779cda39, org.springframework.security.web.access.intercept.AuthorizationFilter@5a183fa6]
2023-07-09 13:56:10.892  WARN 16856 --- [main] JpaBaseConfiguration$JpaWebConfiguration : spring.jpa.open-in-view is enabled by default. Therefore, database queries may be performed during view rendering. Explicitly configure spring.jpa.open-in-view to disable this warning
2023-07-09 13:56:11.440  WARN 16856 --- [main] ion$DefaultTemplateResolverConfiguration : Cannot find template location: classpath:/templates/ (please add some templates, check your Thymeleaf configuration, or set spring.thymeleaf.check-template-location=false)
2023-07-09 13:56:11.774  INFO 16856 --- [main] o.s.b.w.embedded.tomcat.TomcatWebServer  : Tomcat started on port(s): 8080 (http) with context path ''
2023-07-09 13:56:11.785  INFO 16856 --- [main] com.server.ServerApplication             : Started ServerApplication in 10.028 seconds (JVM running for 10.643)
2023-07-09 13:56:15.220  INFO 16856 --- [http-nio-8080-exec-1] o.a.c.c.C.[Tomcat].[localhost].[/]       : Initializing Spring DispatcherServlet 'dispatcherServlet'
2023-07-09 13:56:15.223  INFO 16856 --- [http-nio-8080-exec-1] o.s.web.servlet.DispatcherServlet        : Initializing Servlet 'dispatcherServlet'
2023-07-09 13:56:15.225  INFO 16856 --- [http-nio-8080-exec-1] o.s.web.servlet.DispatcherServlet        : Completed initialization in 2 ms
2023-07-09 13:56:18.756  INFO 16856 --- [http-nio-8080-exec-2] c.s.a.H.UserAuthenticationSuccessHandler : # Authentication successfully.
2023-07-09 13:56:48.414  WARN 16856 --- [http-nio-8080-exec-4] o.h.engine.jdbc.spi.SqlExceptionHelper   : SQL Error: 1048, SQLState: 23000
2023-07-09 13:56:48.415 ERROR 16856 --- [http-nio-8080-exec-4] o.h.engine.jdbc.spi.SqlExceptionHelper   : Column 'total_id' cannot be null
2023-07-09 13:57:49.038  WARN 16856 --- [HikariPool-1 housekeeper] com.zaxxer.hikari.pool.HikariPool        : HikariPool-1 - Thread starvation or clock leap detected (housekeeper delta=1m11s182ms338µs).
2023-07-09 13:58:03.861  WARN 16856 --- [http-nio-8080-exec-4] o.h.engine.jdbc.spi.SqlExceptionHelper   : SQL Error: 1048, SQLState: 23000
2023-07-09 13:58:03.862 ERROR 16856 --- [http-nio-8080-exec-4] o.h.engine.jdbc.spi.SqlExceptionHelper   : Column 'total_id' cannot be null
2023-07-09 13:59:32.047  INFO 11604 --- [main] com.server.ServerApplication             : Starting ServerApplication using Java 11.0.18 on DESKTOP-NIKJHOF with PID 11604 (C:\Users\lisso\Documents\dev\0703\seb44_main_007\server\build\classes\java\main started by lisso in C:\Users\lisso\Documents\dev\0703\seb44_main_007\server)
2023-07-09 13:59:32.052  INFO 11604 --- [main] com.server.ServerApplication             : No active profile set, falling back to 1 default profile: "default"
2023-07-09 13:59:33.686  INFO 11604 --- [main] .s.d.r.c.RepositoryConfigurationDelegate : Multiple Spring Data modules found, entering strict repository configuration mode
2023-07-09 13:59:33.691  INFO 11604 --- [main] .s.d.r.c.RepositoryConfigurationDelegate : Bootstrapping Spring Data JPA repositories in DEFAULT mode.
2023-07-09 13:59:33.933  INFO 11604 --- [main] .s.d.r.c.RepositoryConfigurationDelegate : Finished Spring Data repository scanning in 222 ms. Found 5 JPA repository interfaces.
2023-07-09 13:59:35.110  INFO 11604 --- [main] o.s.b.w.embedded.tomcat.TomcatWebServer  : Tomcat initialized with port(s): 8080 (http)
2023-07-09 13:59:35.123  INFO 11604 --- [main] o.apache.catalina.core.StandardService   : Starting service [Tomcat]
2023-07-09 13:59:35.124  INFO 11604 --- [main] org.apache.catalina.core.StandardEngine  : Starting Servlet engine: [Apache Tomcat/9.0.76]
2023-07-09 13:59:35.286  INFO 11604 --- [main] o.a.c.c.C.[Tomcat].[localhost].[/]       : Initializing Spring embedded WebApplicationContext
2023-07-09 13:59:35.287  INFO 11604 --- [main] w.s.c.ServletWebServerApplicationContext : Root WebApplicationContext: initialization completed in 3106 ms
2023-07-09 13:59:35.558  INFO 11604 --- [main] o.hibernate.jpa.internal.util.LogHelper  : HHH000204: Processing PersistenceUnitInfo [name: default]
2023-07-09 13:59:35.625  INFO 11604 --- [main] org.hibernate.Version                    : HHH000412: Hibernate ORM core version 5.6.15.Final
2023-07-09 13:59:35.988  INFO 11604 --- [main] o.hibernate.annotations.common.Version   : HCANN000001: Hibernate Commons Annotations {5.1.2.Final}
2023-07-09 13:59:36.209  INFO 11604 --- [main] com.zaxxer.hikari.HikariDataSource       : HikariPool-1 - Starting...
2023-07-09 13:59:36.732  INFO 11604 --- [main] com.zaxxer.hikari.HikariDataSource       : HikariPool-1 - Start completed.
2023-07-09 13:59:36.758  INFO 11604 --- [main] org.hibernate.dialect.Dialect            : HHH000400: Using dialect: org.hibernate.dialect.MySQL8Dialect
2023-07-09 13:59:38.190  INFO 11604 --- [main] o.h.e.t.j.p.i.JtaPlatformInitiator       : HHH000490: Using JtaPlatform implementation: [org.hibernate.engine.transaction.jta.platform.internal.NoJtaPlatform]
2023-07-09 13:59:38.201  INFO 11604 --- [main] j.LocalContainerEntityManagerFactoryBean : Initialized JPA EntityManagerFactory for persistence unit 'default'
2023-07-09 13:59:39.741  INFO 11604 --- [main] o.s.s.web.DefaultSecurityFilterChain     : Will secure any request with [org.springframework.security.web.session.DisableEncodeUrlFilter@3e242137, org.springframework.security.web.context.request.async.WebAsyncManagerIntegrationFilter@25dacc5a, org.springframework.security.web.context.SecurityContextPersistenceFilter@38568876, org.springframework.security.web.header.HeaderWriterFilter@4512f5f1, org.springframework.web.filter.CorsFilter@55b7f9f1, org.springframework.security.web.authentication.logout.LogoutFilter@6b3284, com.server.auth.filter.JwtAuthenticationFilter@273e622f, com.server.auth.filter.JwtVerificationFilter@380cd266, org.springframework.security.web.savedrequest.RequestCacheAwareFilter@6c4c32ff, org.springframework.security.web.servletapi.SecurityContextHolderAwareRequestFilter@7bbe5548, org.springframework.security.web.authentication.AnonymousAuthenticationFilter@4b477121, org.springframework.security.web.session.SessionManagementFilter@3bfead8d, org.springframework.security.web.access.ExceptionTranslationFilter@779cda39, org.springframework.security.web.access.intercept.AuthorizationFilter@5a183fa6]
2023-07-09 13:59:39.820  WARN 11604 --- [main] JpaBaseConfiguration$JpaWebConfiguration : spring.jpa.open-in-view is enabled by default. Therefore, database queries may be performed during view rendering. Explicitly configure spring.jpa.open-in-view to disable this warning
2023-07-09 13:59:40.526  WARN 11604 --- [main] ion$DefaultTemplateResolverConfiguration : Cannot find template location: classpath:/templates/ (please add some templates, check your Thymeleaf configuration, or set spring.thymeleaf.check-template-location=false)
2023-07-09 13:59:40.810  INFO 11604 --- [main] o.s.b.w.embedded.tomcat.TomcatWebServer  : Tomcat started on port(s): 8080 (http) with context path ''
2023-07-09 13:59:40.825  INFO 11604 --- [main] com.server.ServerApplication             : Started ServerApplication in 9.668 seconds (JVM running for 10.555)
2023-07-09 13:59:43.800  INFO 11604 --- [http-nio-8080-exec-1] o.a.c.c.C.[Tomcat].[localhost].[/]       : Initializing Spring DispatcherServlet 'dispatcherServlet'
2023-07-09 13:59:43.801  INFO 11604 --- [http-nio-8080-exec-1] o.s.web.servlet.DispatcherServlet        : Initializing Servlet 'dispatcherServlet'
2023-07-09 13:59:43.802  INFO 11604 --- [http-nio-8080-exec-1] o.s.web.servlet.DispatcherServlet        : Completed initialization in 1 ms
2023-07-09 13:59:47.534  INFO 11604 --- [http-nio-8080-exec-3] c.s.a.H.UserAuthenticationSuccessHandler : # Authentication successfully.
